<?xml version="1.0" encoding="UTF-8"?>
<!-- Generated by org.testng.reporters.JUnitReportReporter -->
<testsuite hostname="Calvin" failures="0" tests="1" name="com.ect.testcases.SearchTest" time="3.132" errors="0" timestamp="2024-10-23T21:18:48 EDT" skipped="0">
  <testcase classname="com.ect.testcases.SearchTest" name="searchProduct" time="3.132"/>
</testsuite> <!-- com.ect.testcases.SearchTest -->
